2019-07-31 15:24:09,120 Preprocessing food consumption data to meals...
2019-07-31 15:24:21,989 Number of meals: 78767
2019-07-31 15:24:21,994 ----------------------------------------
2019-07-31 15:24:21,994 Computing the substitutability scores...
2019-07-31 15:24:21,994 Number of meals: 78767
2019-07-31 15:24:22,178 Number of nodes: 33722
2019-07-31 15:24:22,178 Getting the graph...
2019-07-31 15:24:22,178 Computing edges...
2019-07-31 15:26:51,720 Preprocessing food consumption data to meals...
2019-07-31 15:27:17,950 Number of meals: 78767
2019-07-31 15:27:17,954 ----------------------------------------
2019-07-31 15:27:17,954 Computing the substitutability scores...
2019-07-31 15:27:17,956 Number of meals: 78767
2019-07-31 15:27:18,181 Number of nodes: 33722
2019-07-31 15:27:18,182 Getting the graph...
2019-07-31 15:27:18,182 Computing edges...
2019-07-31 16:23:09,539 Successfully created the nodes.
2019-07-31 16:23:10,979 Successfully created the edges.
2019-07-31 16:23:10,995 Computing the cliques...
2019-07-31 16:23:17,516 Getting the substitutable cliques...
2019-07-31 16:23:18,288 Computing substitutability...
2019-07-31 16:42:09,661 FINISHED
